0 info it worked if it ends with ok
1 verbose cli [ 'C:\\Program Files\\nodejs\\node.exe',
1 verbose cli   'C:\\Program Files\\nodejs\\node_modules\\npm\\bin\\npm-cli.js',
1 verbose cli   'start' ]
2 info using npm@3.10.3
3 info using node@v6.6.0
4 verbose run-script [ 'prestart', 'start', 'poststart' ]
5 info lifecycle golf-reactjs@1.0.0~prestart: golf-reactjs@1.0.0
6 silly lifecycle golf-reactjs@1.0.0~prestart: no script for prestart, continuing
7 info lifecycle golf-reactjs@1.0.0~start: golf-reactjs@1.0.0
8 verbose lifecycle golf-reactjs@1.0.0~start: unsafe-perm in lifecycle true
9 verbose lifecycle golf-reactjs@1.0.0~start: PATH: C:\Program Files\nodejs\node_modules\npm\bin\node-gyp-bin;C:\Users\tsing\Documents\Research\duck-story\node_modules\.bin;C:\Program Files\nodejs;C:\Program Files\nodejs\node_modules\npm\bin\node-gyp-bin;C:\Users\tsing\Documents\Research\duck-story\node_modules\.bin;C:\Program Files\nodejs;C:\ProgramData\Oracle\Java\javapath;C:\Windows\system32;C:\Windows;C:\Windows\System32\Wbem;C:\Windows\System32\WindowsPowerShell\v1.0\;C:\Program Files\Intel\WiFi\bin\;C:\Program Files\Common Files\Intel\WirelessCommon\;C:\Program Files\MongoDB\Server\3.2\bin;C:\Program Files\nodejs\;C:\Users\tsing\AppData\Local\atom\bin;C:\Program Files\Intel\WiFi\bin\;C:\Program Files\Common Files\Intel\WirelessCommon\;C:\Users\tsing\AppData\Roaming\npm
10 verbose lifecycle golf-reactjs@1.0.0~start: CWD: C:\Users\tsing\Documents\Research\duck-story
11 silly lifecycle golf-reactjs@1.0.0~start: Args: [ '/d /s /c', 'babel-node ./bin/www' ]
12 silly lifecycle golf-reactjs@1.0.0~start: Returned: code: 1  signal: null
13 info lifecycle golf-reactjs@1.0.0~start: Failed to exec start script
14 verbose stack Error: golf-reactjs@1.0.0 start: `babel-node ./bin/www`
14 verbose stack Exit status 1
14 verbose stack     at EventEmitter.<anonymous> (C:\Program Files\nodejs\node_modules\npm\lib\utils\lifecycle.js:242:16)
14 verbose stack     at emitTwo (events.js:106:13)
14 verbose stack     at EventEmitter.emit (events.js:191:7)
14 verbose stack     at ChildProcess.<anonymous> (C:\Program Files\nodejs\node_modules\npm\lib\utils\spawn.js:40:14)
14 verbose stack     at emitTwo (events.js:106:13)
14 verbose stack     at ChildProcess.emit (events.js:191:7)
14 verbose stack     at maybeClose (internal/child_process.js:877:16)
14 verbose stack     at Process.ChildProcess._handle.onexit (internal/child_process.js:226:5)
15 verbose pkgid golf-reactjs@1.0.0
16 verbose cwd C:\Users\tsing\Documents\Research\duck-story
17 error Windows_NT 10.0.10586
18 error argv "C:\\Program Files\\nodejs\\node.exe" "C:\\Program Files\\nodejs\\node_modules\\npm\\bin\\npm-cli.js" "start"
19 error node v6.6.0
20 error npm  v3.10.3
21 error code ELIFECYCLE
22 error golf-reactjs@1.0.0 start: `babel-node ./bin/www`
22 error Exit status 1
23 error Failed at the golf-reactjs@1.0.0 start script 'babel-node ./bin/www'.
23 error Make sure you have the latest version of node.js and npm installed.
23 error If you do, this is most likely a problem with the golf-reactjs package,
23 error not with npm itself.
23 error Tell the author that this fails on your system:
23 error     babel-node ./bin/www
23 error You can get information on how to open an issue for this project with:
23 error     npm bugs golf-reactjs
23 error Or if that isn't available, you can get their info via:
23 error     npm owner ls golf-reactjs
23 error There is likely additional logging output above.
24 verbose exit [ 1, true ]
